0 info it worked if it ends with ok
1 verbose cli [ 'C:\\Program Files\\nodejs\\\\node.exe',
1 verbose cli   'C:\\Program Files\\nodejs\\node_modules\\npm\\bin\\npm-cli.js',
1 verbose cli   'install',
1 verbose cli   'bootstrap\'' ]
2 info using npm@1.4.28
3 info using node@v0.10.32
4 verbose node symlink C:\Program Files\nodejs\\node.exe
5 verbose cache add [ 'bootstrap\'', null ]
6 verbose cache add name=undefined spec="bootstrap'" args=["bootstrap'",null]
7 verbose parsed url { protocol: null,
7 verbose parsed url   slashes: null,
7 verbose parsed url   auth: null,
7 verbose parsed url   host: null,
7 verbose parsed url   port: null,
7 verbose parsed url   hostname: null,
7 verbose parsed url   hash: null,
7 verbose parsed url   search: null,
7 verbose parsed url   query: null,
7 verbose parsed url   pathname: 'bootstrap%27',
7 verbose parsed url   path: 'bootstrap%27',
7 verbose parsed url   href: 'bootstrap%27' }
8 silly lockFile c89e79f8-bootstrap bootstrap'
9 verbose lock bootstrap' C:\Users\Radio Shack\AppData\Roaming\npm-cache\c89e79f8-bootstrap.lock
10 silly lockFile c89e79f8-bootstrap bootstrap'
11 silly lockFile c89e79f8-bootstrap bootstrap'
12 verbose addNamed [ 'bootstrap\'', '' ]
13 verbose addNamed [ null, '*' ]
14 silly lockFile 3d3e1440-bootstrap bootstrap'@
15 verbose lock bootstrap'@ C:\Users\Radio Shack\AppData\Roaming\npm-cache\3d3e1440-bootstrap.lock
16 silly addNameRange { name: 'bootstrap\'', range: '*', hasData: false }
17 verbose request where is /bootstrap%27
18 verbose request registry https://registry.npmjs.org/
19 verbose request id afec7b22275661f0
20 verbose url raw /bootstrap%27
21 verbose url resolving [ 'https://registry.npmjs.org/', './bootstrap%2527' ]
22 verbose url resolved https://registry.npmjs.org/bootstrap%2527
23 verbose request where is https://registry.npmjs.org/bootstrap%2527
24 info trying registry request attempt 1 at 12:23:35
25 http GET https://registry.npmjs.org/bootstrap%2527
26 http 404 https://registry.npmjs.org/bootstrap%2527
27 silly registry.get cb [ 404,
27 silly registry.get   { 'content-type': 'application/json',
27 silly registry.get     'cache-control': 'max-age=0',
27 silly registry.get     'content-length': '2',
27 silly registry.get     'accept-ranges': 'bytes',
27 silly registry.get     date: 'Mon, 28 Mar 2016 18:23:36 GMT',
27 silly registry.get     via: '1.1 varnish',
27 silly registry.get     age: '0',
27 silly registry.get     connection: 'keep-alive',
27 silly registry.get     'x-served-by': 'cache-sjc3125-SJC',
27 silly registry.get     'x-cache': 'MISS',
27 silly registry.get     'x-cache-hits': '0',
27 silly registry.get     'x-timer': 'S1459189416.126903,VS0,VE43' } ]
28 silly lockFile 3d3e1440-bootstrap bootstrap'@
29 silly lockFile 3d3e1440-bootstrap bootstrap'@
30 error 404 Not Found
30 error 404
30 error 404 'bootstrap'' is not in the npm registry.
30 error 404 You should bug the author to publish it
30 error 404
30 error 404 Note that you can also install from a
30 error 404 tarball, folder, or http url, or git url.
31 error System Windows_NT 6.2.9200
32 error command "C:\\Program Files\\nodejs\\\\node.exe" "C:\\Program Files\\nodejs\\node_modules\\npm\\bin\\npm-cli.js" "install" "bootstrap'"
33 error cwd C:\wamp\www\mto
34 error node -v v0.10.32
35 error npm -v 1.4.28
36 error code E404
37 verbose exit [ 1, true ]
